<?xml version="1.0" encoding="UTF-8"?>
<robot generator="Robot 7.3.2 (Python 3.12.2 on win32)" generated="2025-11-10T17:43:01.324168" rpa="false" schemaversion="5">
<suite id="s1" name="Serial Seq" source="C:\SulautettuOhjelmointiKlooni\RTOS6Tehtava\robot_tests\serial_seq.robot">
<test id="s1-t1" name="Connect Serial" line="15">
<kw name="Log To Console" owner="BuiltIn">
<arg>Connecting to ${board}</arg>
<doc>Logs the given message to the console.</doc>
<status status="PASS" start="2025-11-10T17:43:01.356170" elapsed="0.000000"/>
</kw>
<kw name="Add Port" owner="SerialLibrary">
<arg>${com}</arg>
<arg>baudrate=${baud}</arg>
<arg>encoding=ascii</arg>
<doc>Adds new port with specified locator.</doc>
<status status="PASS" start="2025-11-10T17:43:01.356170" elapsed="0.002917"/>
</kw>
<kw name="Port Should Be Open" owner="SerialLibrary">
<arg>${com}</arg>
<doc>Fails if specified port is closed.</doc>
<status status="PASS" start="2025-11-10T17:43:01.359087" elapsed="0.000000"/>
</kw>
<kw name="Reset Input Buffer" owner="SerialLibrary">
<doc>Clears input buffer.</doc>
<status status="PASS" start="2025-11-10T17:43:01.359087" elapsed="0.000000"/>
</kw>
<kw name="Reset Output Buffer" owner="SerialLibrary">
<doc>Clears outout buffer.</doc>
<status status="PASS" start="2025-11-10T17:43:01.359087" elapsed="0.000000"/>
</kw>
<status status="PASS" start="2025-11-10T17:43:01.355160" elapsed="0.003927"/>
</test>
<test id="s1-t2" name="Valid Time String" line="22">
<kw name="Reset Input Buffer" owner="SerialLibrary">
<doc>Clears input buffer.</doc>
<status status="PASS" start="2025-11-10T17:43:01.360116" elapsed="0.000000"/>
</kw>
<kw name="Reset Output Buffer" owner="SerialLibrary">
<doc>Clears outout buffer.</doc>
<status status="PASS" start="2025-11-10T17:43:01.360116" elapsed="0.000000"/>
</kw>
<kw name="Write Data" owner="SerialLibrary">
<arg>${ok_seq}</arg>
<arg>encoding=ascii</arg>
<doc>Writes data into the port.</doc>
<status status="PASS" start="2025-11-10T17:43:01.360116" elapsed="0.000000"/>
</kw>
<kw name="Sleep" owner="BuiltIn">
<msg time="2025-11-10T17:43:01.861861" level="INFO">Slept 500 milliseconds.</msg>
<arg>0.5s</arg>
<doc>Pauses the test executed for the given time.</doc>
<status status="PASS" start="2025-11-10T17:43:01.360116" elapsed="0.501745"/>
</kw>
<kw name="Read Until" owner="SerialLibrary">
<msg time="2025-11-10T17:43:02.363123" level="INFO">${read} = 80X</msg>
<var>${read}</var>
<arg>terminator=58</arg>
<arg>encoding=ascii</arg>
<arg>timeout=2s</arg>
<doc>Read until a termination sequence is found, size exceeded or timeout.</doc>
<status status="PASS" start="2025-11-10T17:43:01.862717" elapsed="0.500406"/>
</kw>
<kw name="Log To Console" owner="BuiltIn">
<arg>Received: ${read}</arg>
<doc>Logs the given message to the console.</doc>
<status status="PASS" start="2025-11-10T17:43:02.364140" elapsed="0.001001"/>
</kw>
<kw name="Should Contain" owner="BuiltIn">
<arg>${read}</arg>
<arg>${ok_resp}</arg>
<doc>Fails if ``container`` does not contain ``item`` one or more times.</doc>
<status status="PASS" start="2025-11-10T17:43:02.365141" elapsed="0.001062"/>
</kw>
<status status="PASS" start="2025-11-10T17:43:01.360116" elapsed="1.006087"/>
</test>
<test id="s1-t3" name="Invalid Time String" line="31">
<kw name="Reset Input Buffer" owner="SerialLibrary">
<doc>Clears input buffer.</doc>
<status status="PASS" start="2025-11-10T17:43:02.369144" elapsed="0.000000"/>
</kw>
<kw name="Reset Output Buffer" owner="SerialLibrary">
<doc>Clears outout buffer.</doc>
<status status="PASS" start="2025-11-10T17:43:02.370144" elapsed="0.000000"/>
</kw>
<kw name="Write Data" owner="SerialLibrary">
<arg>${err_seq}</arg>
<arg>encoding=ascii</arg>
<doc>Writes data into the port.</doc>
<status status="PASS" start="2025-11-10T17:43:02.371191" elapsed="0.000000"/>
</kw>
<kw name="Sleep" owner="BuiltIn">
<msg time="2025-11-10T17:43:02.873011" level="INFO">Slept 500 milliseconds.</msg>
<arg>0.5s</arg>
<doc>Pauses the test executed for the given time.</doc>
<status status="PASS" start="2025-11-10T17:43:02.372207" elapsed="0.500804"/>
</kw>
<kw name="Read Until" owner="SerialLibrary">
<msg time="2025-11-10T17:43:03.374154" level="INFO">${read} = -6X</msg>
<var>${read}</var>
<arg>terminator=58</arg>
<arg>encoding=ascii</arg>
<arg>timeout=2s</arg>
<doc>Read until a termination sequence is found, size exceeded or timeout.</doc>
<status status="PASS" start="2025-11-10T17:43:02.874031" elapsed="0.500123"/>
</kw>
<kw name="Log To Console" owner="BuiltIn">
<arg>Received: ${read}</arg>
<doc>Logs the given message to the console.</doc>
<status status="PASS" start="2025-11-10T17:43:03.375179" elapsed="0.000991"/>
</kw>
<kw name="Should Contain" owner="BuiltIn">
<arg>${read}</arg>
<arg>${err_resp}</arg>
<doc>Fails if ``container`` does not contain ``item`` one or more times.</doc>
<status status="PASS" start="2025-11-10T17:43:03.376170" elapsed="0.001005"/>
</kw>
<status status="PASS" start="2025-11-10T17:43:02.368141" elapsed="1.009034"/>
</test>
<test id="s1-t4" name="Disconnect Serial" line="40">
<kw name="Log To Console" owner="BuiltIn">
<arg>Disconnecting ${board}</arg>
<doc>Logs the given message to the console.</doc>
<status status="PASS" start="2025-11-10T17:43:03.380172" elapsed="0.000000"/>
</kw>
<kw name="Delete Port" owner="SerialLibrary" type="TEARDOWN">
<arg>${com}</arg>
<doc>Deletes specified port.</doc>
<status status="PASS" start="2025-11-10T17:43:03.381172" elapsed="0.003097"/>
</kw>
<status status="PASS" start="2025-11-10T17:43:03.379173" elapsed="0.006047"/>
</test>
<status status="PASS" start="2025-11-10T17:43:01.325142" elapsed="2.062036"/>
</suite>
<statistics>
<total>
<stat pass="4" fail="0" skip="0">All Tests</stat>
</total>
<tag>
</tag>
<suite>
<stat name="Serial Seq" id="s1" pass="4" fail="0" skip="0">Serial Seq</stat>
</suite>
</statistics>
<errors>
</errors>
</robot>
